<?xml version="1.0" encoding="UTF-8"?>
<!-- Generated by org.testng.reporters.JUnitReportReporter -->
<testsuite hostname="DESKTOP-NAVEEN" name="org.com.SamplePriority" tests="6" failures="0" timestamp="7 Sep 2022 10:04:14 GMT" time="0.049" errors="0">
  <testcase name="tc5" time="0.000" classname="org.com.SamplePriority"/>
  <testcase name="tc3" time="0.000" classname="org.com.SamplePriority"/>
  <testcase name="tc6" time="0.000" classname="org.com.SamplePriority"/>
  <testcase name="tc2" time="0.000" classname="org.com.SamplePriority"/>
  <testcase name="tc4" time="0.049" classname="org.com.SamplePriority"/>
  <testcase name="tc1" time="0.000" classname="org.com.SamplePriority"/>
</testsuite> <!-- org.com.SamplePriority -->
