<?xml version="1.0" encoding="UTF-8"?>
<!-- Generated by org.testng.reporters.JUnitReportReporter -->
<testsuite skipped="4" hostname="DESKTOP-NAVEEN" name="org.com.All" tests="5" failures="0" timestamp="02 Sep 2022 04:33:32 GMT" time="1.160" errors="0">
  <testcase name="getAnEmployee" time="1.160" classname="org.com.All"/>
  <testcase name="Employee1" classname="org.com.All">
    <skipped/>
  </testcase> <!-- Employee1 -->
  <testcase name="Employee2" classname="org.com.All">
    <skipped/>
  </testcase> <!-- Employee2 -->
  <testcase name="deleteAnEmployee" classname="org.com.All">
    <skipped/>
  </testcase> <!-- deleteAnEmployee -->
  <testcase name="Employee" classname="org.com.All">
    <skipped/>
  </testcase> <!-- Employee -->
</testsuite> <!-- org.com.All -->
