<?xml version="1.0" encoding="UTF-8"?>
<!-- Generated by org.testng.reporters.JUnitReportReporter -->
<testsuite skipped="4" hostname="DESKTOP-NAVEEN" name="com.ems.bdd_style.Static_GetAllEmployees" tests="5" failures="0" timestamp="02 Sep 2022 06:41:35 GMT" time="2.287" errors="0">
  <testcase name="createAnEmployeeBDD" time="2.287" classname="com.ems.bdd_style.Static_GetAllEmployees"/>
  <testcase name="getAllEmployees" classname="com.ems.bdd_style.Static_GetAllEmployees">
    <skipped/>
  </testcase> <!-- getAllEmployees -->
  <testcase name="updateAnEmployee" classname="com.ems.bdd_style.Static_GetAllEmployees">
    <skipped/>
  </testcase> <!-- updateAnEmployee -->
  <testcase name="deleteAlnEmployees" classname="com.ems.bdd_style.Static_GetAllEmployees">
    <skipped/>
  </testcase> <!-- deleteAlnEmployees -->
  <testcase name="createEmployeeFromJson" classname="com.ems.bdd_style.Static_GetAllEmployees">
    <skipped/>
  </testcase> <!-- createEmployeeFromJson -->
</testsuite> <!-- com.ems.bdd_style.Static_GetAllEmployees -->
